Build started 23/01/2019 10:28:09.
     1>Project "C:\Users\Rafael\MuDraconick\mu-1.0\WzAG-GS\WzAG.vcxproj" on node 2 (build target(s)).
     1>PrepareForBuild:
         Creating directory "C:\Users\Rafael\MuDraconick\mu-1.0\x64\Release\".
       InitializeBuildStatus:
         Creating "x64\Release\WzAG-GS.unsuccessfulbuild" because "AlwaysCreate" was specified.
       ClCompile:
         c:\Program Files (x86)\Microsoft Visual Studio 10.0\VC\bin\x86_amd64\CL.exe /c /Zi /nologo /W3 /WX- /O2 /Oi /D _WINDLL /D _MBCS /Gm- /EHsc /MT /GS /Gy /fp:precise /Zc:wchar_t /Zc:forScope /Yc"StdAfx.h" /Fp"x64\Release\WzAG-GS.pch" /Fo"x64\Release\\" /Fd"x64\Release\vc100.pdb" /Gd /TP /errorReport:prompt StdAfx.cpp
         StdAfx.cpp
     1>c:\users\rafael\mudraconick\mu-1.0\wzag-gs\Biblioteca.h(741): error C4235: nonstandard extension used : '__asm' keyword not supported on this architecture
     1>c:\users\rafael\mudraconick\mu-1.0\wzag-gs\Biblioteca.h(743): error C2065: 'PUSH' : undeclared identifier
     1>c:\users\rafael\mudraconick\mu-1.0\wzag-gs\Biblioteca.h(743): error C2146: syntax error : missing ';' before identifier 'pPetItem'
     1>c:\users\rafael\mudraconick\mu-1.0\wzag-gs\Biblioteca.h(744): error C2065: 'PUSH' : undeclared identifier
     1>c:\users\rafael\mudraconick\mu-1.0\wzag-gs\Biblioteca.h(744): error C2146: syntax error : missing ';' before identifier 'aIndex'
     1>c:\users\rafael\mudraconick\mu-1.0\wzag-gs\Biblioteca.h(745): error C2065: 'MOV' : undeclared identifier
     1>c:\users\rafael\mudraconick\mu-1.0\wzag-gs\Biblioteca.h(745): error C2146: syntax error : missing ';' before identifier 'EDI'
     1>c:\users\rafael\mudraconick\mu-1.0\wzag-gs\Biblioteca.h(745): error C2065: 'EDI' : undeclared identifier
     1>c:\users\rafael\mudraconick\mu-1.0\wzag-gs\Biblioteca.h(746): error C2065: 'MOV' : undeclared identifier
     1>c:\users\rafael\mudraconick\mu-1.0\wzag-gs\Biblioteca.h(746): error C2146: syntax error : missing ';' before identifier 'ECX'
     1>c:\users\rafael\mudraconick\mu-1.0\wzag-gs\Biblioteca.h(746): error C2065: 'ECX' : undeclared identifier
     1>c:\users\rafael\mudraconick\mu-1.0\wzag-gs\Biblioteca.h(747): error C2065: 'CALL' : undeclared identifier
     1>c:\users\rafael\mudraconick\mu-1.0\wzag-gs\Biblioteca.h(747): error C2146: syntax error : missing ';' before identifier 'EDI'
     1>c:\users\rafael\mudraconick\mu-1.0\wzag-gs\Biblioteca.h(747): error C2065: 'EDI' : undeclared identifier
     1>c:\users\rafael\mudraconick\mu-1.0\wzag-gs\Tokenizer.h(224): warning C4267: 'initializing' : conversion from 'size_t' to 'DWORD', possible loss of data
     1>Done Building Project "C:\Users\Rafael\MuDraconick\mu-1.0\WzAG-GS\WzAG.vcxproj" (build target(s)) -- FAILED.

Build FAILED.

Time Elapsed 00:00:00.92
